<?xml version="1.0" encoding="UTF-8"?>
<!-- Generated by org.testng.reporters.JUnitReportReporter -->
<testsuite skipped="0" hostname="DESKTOP-EMG1SG7" name="com.pomclass.testcases.Login_Test" tests="1" failures="0" timestamp="2022-04-12T17:51:44 IST" time="7.715" errors="0">
  <testcase name="login" time="7.715" classname="com.pomclass.testcases.Login_Test"/>
  <system-out/>
</testsuite> <!-- com.pomclass.testcases.Login_Test -->
