<?xml version="1.0" encoding="UTF-8"?>
<!-- Generated by org.testng.reporters.JUnitReportReporter -->
<testsuite skipped="0" hostname="DESKTOP-EMG1SG7" name="com.newecomm_tc.TC002_TEST" tests="1" failures="0" timestamp="2022-04-04T21:52:47 IST" time="19.280" errors="0">
  <testcase name="blustone" time="19.280" classname="com.newecomm_tc.TC002_TEST"/>
  <system-out/>
</testsuite> <!-- com.newecomm_tc.TC002_TEST -->
