<?xml version="1.0" encoding="UTF-8"?>
<!-- Generated by org.testng.reporters.JUnitReportReporter -->
<testsuite skipped="1" hostname="DESKTOP-EMG1SG7" name="com.newecomm_tc.TC011_TEST" tests="1" failures="0" timestamp="2022-04-05T15:47:56 IST" time="0.000" errors="0">
  <testcase name="makemytrip" time="0.000" classname="com.newecomm_tc.TC011_TEST">
    <skipped/>
  </testcase> <!-- makemytrip -->
  <system-out/>
</testsuite> <!-- com.newecomm_tc.TC011_TEST -->
