<?xml version="1.0" encoding="UTF-8"?>
<!-- Generated by org.testng.reporters.JUnitReportReporter -->
<testsuite skipped="0" hostname="DESKTOP-EMG1SG7" name="com.newecomm_tc.TC006" tests="1" failures="0" timestamp="2022-04-05T07:21:24 IST" time="18.674" errors="0">
  <testcase name="kada" time="18.674" classname="com.newecomm_tc.TC006"/>
  <system-out/>
</testsuite> <!-- com.newecomm_tc.TC006 -->
