<?xml version="1.0" encoding="UTF-8"?>
<!-- Generated by org.testng.reporters.JUnitReportReporter -->
<testsuite skipped="0" hostname="DESKTOP-EMG1SG7" name="com.newecomm_tc.Amazon_dropbox" tests="1" failures="0" timestamp="2022-04-06T22:12:16 IST" time="6.188" errors="0">
  <testcase name="dropdown" time="6.188" classname="com.newecomm_tc.Amazon_dropbox"/>
  <system-out/>
</testsuite> <!-- com.newecomm_tc.Amazon_dropbox -->
