<?xml version="1.0" encoding="UTF-8"?>
<!-- Generated by org.testng.reporters.JUnitReportReporter -->
<testsuite skipped="0" hostname="DESKTOP-EMG1SG7" name="com.newecomm_tc.Tool_tip_Test" tests="1" failures="0" timestamp="2022-04-05T21:16:12 IST" time="12.593" errors="0">
  <testcase name="tooltip" time="12.593" classname="com.newecomm_tc.Tool_tip_Test"/>
  <system-out/>
</testsuite> <!-- com.newecomm_tc.Tool_tip_Test -->
