<?xml version="1.0" encoding="UTF-8"?>
<!-- Generated by org.testng.reporters.JUnitReportReporter -->
<testsuite skipped="0" hostname="DESKTOP-EMG1SG7" name="com.newecomm_tc.TC007_TEST" tests="1" failures="0" timestamp="2022-04-05T07:54:47 IST" time="11.524" errors="0">
  <testcase name="offers" time="11.524" classname="com.newecomm_tc.TC007_TEST"/>
  <system-out/>
</testsuite> <!-- com.newecomm_tc.TC007_TEST -->
