<?xml version="1.0" encoding="UTF-8"?>
<!-- Generated by org.testng.reporters.JUnitReportReporter -->
<testsuite skipped="0" hostname="DESKTOP-EMG1SG7" name="com.crm.testcases.TC010_Test" tests="1" failures="0" timestamp="2022-04-01T11:06:29 IST" time="70.271" errors="0">
  <testcase name="normalize_space" time="70.271" classname="com.crm.testcases.TC010_Test"/>
  <system-out/>
</testsuite> <!-- com.crm.testcases.TC010_Test -->
