<?xml version="1.0" encoding="UTF-8"?>
<!-- Generated by org.testng.reporters.JUnitReportReporter -->
<testsuite skipped="0" hostname="DESKTOP-EMG1SG7" name="com.pomclass.testcases.Create_Org_Name1" tests="4" failures="0" timestamp="2022-04-19T10:29:18 IST" time="127.627" errors="0">
  <testcase name="create_org1" time="30.130" classname="com.pomclass.testcases.Create_Org_Name1"/>
  <system-out/>
  <testcase name="create_org" time="32.527" classname="com.pomclass.testcases.Create_Org_Name1"/>
  <system-out/>
  <testcase name="create_org" time="30.777" classname="com.pomclass.testcases.Create_Org_Name1"/>
  <system-out/>
  <testcase name="create_org1" time="34.193" classname="com.pomclass.testcases.Create_Org_Name1"/>
  <system-out/>
</testsuite> <!-- com.pomclass.testcases.Create_Org_Name1 -->
