<?xml version="1.0" encoding="UTF-8"?>
<!-- Generated by org.testng.reporters.JUnitReportReporter -->
<testsuite skipped="0" hostname="DESKTOP-EMG1SG7" name="com.newecomm_tc.Without_Select_Test" tests="1" failures="0" timestamp="2022-04-05T21:42:51 IST" time="25.714" errors="0">
  <testcase name="withoutSelectClass" time="25.714" classname="com.newecomm_tc.Without_Select_Test"/>
  <system-out/>
</testsuite> <!-- com.newecomm_tc.Without_Select_Test -->
