<?xml version="1.0" encoding="UTF-8"?>
<!-- Generated by org.testng.reporters.JUnitReportReporter -->
<testsuite skipped="0" hostname="DESKTOP-EMG1SG7" name="com.newecomm_tc.TC001_TEST" tests="1" failures="0" timestamp="2022-04-04T14:45:07 IST" time="62.127" errors="0">
  <testcase name="ecomm" time="62.127" classname="com.newecomm_tc.TC001_TEST"/>
  <system-out/>
</testsuite> <!-- com.newecomm_tc.TC001_TEST -->
