<?xml version="1.0" encoding="UTF-8"?>
<!-- Generated by org.testng.reporters.JUnitReportReporter -->
<testsuite skipped="0" hostname="DESKTOP-EMG1SG7" name="com.newecomm_tc.TC010_TEST" tests="1" failures="0" timestamp="2022-04-09T16:45:44 IST" time="0.012" errors="0">
  <testcase name="test" time="0.012" classname="com.newecomm_tc.TC010_TEST"/>
  <system-out/>
</testsuite> <!-- com.newecomm_tc.TC010_TEST -->
