<?xml version="1.0" encoding="UTF-8"?>
<!-- Generated by org.testng.reporters.JUnitReportReporter -->
<testsuite skipped="0" hostname="DESKTOP-EMG1SG7" name="com.newecomm_tc.TC003_TEST" tests="1" failures="0" timestamp="2022-04-04T21:38:27 IST" time="15.272" errors="0">
  <testcase name="jewellary" time="15.272" classname="com.newecomm_tc.TC003_TEST"/>
  <system-out/>
</testsuite> <!-- com.newecomm_tc.TC003_TEST -->
