<?xml version="1.0" encoding="UTF-8"?>
<!-- Generated by org.testng.reporters.JUnitReportReporter -->
<testsuite skipped="0" hostname="DESKTOP-EMG1SG7" name="com.crm.testcases.TC011_TEST" tests="1" failures="0" timestamp="2022-04-03T12:23:51 IST" time="9.867" errors="0">
  <testcase name="testcase" time="9.867" classname="com.crm.testcases.TC011_TEST"/>
  <system-out/>
</testsuite> <!-- com.crm.testcases.TC011_TEST -->
