<?xml version="1.0" encoding="UTF-8"?>
<!-- Generated by org.testng.reporters.JUnitReportReporter -->
<testsuite skipped="0" hostname="DESKTOP-EMG1SG7" name="com.newecomm_tc.TC0012" tests="1" failures="0" timestamp="2022-04-05T16:17:24 IST" time="47.388" errors="0">
  <testcase name="makemytrip" time="47.388" classname="com.newecomm_tc.TC0012"/>
  <system-out/>
</testsuite> <!-- com.newecomm_tc.TC0012 -->
