<?xml version="1.0" encoding="UTF-8"?>
<!-- Generated by org.testng.reporters.JUnitReportReporter -->
<testsuite skipped="0" hostname="DESKTOP-EMG1SG7" name="com.pomclass.testcases.Delete_Create_Org_Test" tests="1" failures="0" timestamp="2022-04-18T17:45:47 IST" time="46.806" errors="0">
  <testcase name="createorg" time="46.806" classname="com.pomclass.testcases.Delete_Create_Org_Test"/>
  <system-out/>
</testsuite> <!-- com.pomclass.testcases.Delete_Create_Org_Test -->
