<?xml version="1.0" encoding="UTF-8"?>
<!-- Generated by org.testng.reporters.JUnitReportReporter -->
<testsuite skipped="0" hostname="DESKTOP-EMG1SG7" name="com.pomclass.testcases.Delete_Org_Test" tests="1" failures="0" timestamp="2022-04-08T15:28:34 IST" time="37.919" errors="0">
  <testcase name="createorg" time="37.919" classname="com.pomclass.testcases.Delete_Org_Test"/>
  <system-out/>
</testsuite> <!-- com.pomclass.testcases.Delete_Org_Test -->
