<?xml version="1.0" encoding="UTF-8"?>
<!-- Generated by org.testng.reporters.JUnitReportReporter -->
<testsuite skipped="0" hostname="DESKTOP-EMG1SG7" name="com.pomclass.testcases.Create_Org_Name1" tests="1" failures="0" timestamp="2022-04-18T17:32:59 IST" time="24.960" errors="0">
  <testcase name="create_org" time="24.960" classname="com.pomclass.testcases.Create_Org_Name1"/>
  <system-out/>
</testsuite> <!-- com.pomclass.testcases.Create_Org_Name1 -->
