<?xml version="1.0" encoding="UTF-8"?>
<!-- Generated by org.testng.reporters.JUnitReportReporter -->
<testsuite skipped="0" hostname="DESKTOP-EMG1SG7" name="com.crm.testcases.TCO12" tests="1" failures="0" timestamp="2022-04-05T14:40:57 IST" time="11.075" errors="0">
  <testcase name="tc012" time="11.075" classname="com.crm.testcases.TCO12"/>
  <system-out/>
</testsuite> <!-- com.crm.testcases.TCO12 -->
