<?xml version="1.0" encoding="UTF-8"?>
<!-- Generated by org.testng.reporters.JUnitReportReporter -->
<testsuite skipped="0" hostname="DESKTOP-EMG1SG7" name="com.tesNg.TensNg_Test1" tests="1" failures="0" timestamp="2022-04-08T13:04:44 IST" time="0.006" errors="0">
  <testcase name="test" time="0.006" classname="com.tesNg.TensNg_Test1"/>
  <system-out/>
</testsuite> <!-- com.tesNg.TensNg_Test1 -->
