<?xml version="1.0" encoding="UTF-8"?>
<!-- Generated by org.testng.reporters.JUnitReportReporter -->
<testsuite skipped="0" hostname="DESKTOP-EMG1SG7" name="com.pomclass.testcases.Delete_Create_Org_Test" tests="2" failures="0" timestamp="2022-04-19T10:29:18 IST" time="59.984" errors="0">
  <testcase name="createorg" time="35.090" classname="com.pomclass.testcases.Delete_Create_Org_Test"/>
  <system-out/>
  <testcase name="createorg1" time="24.894" classname="com.pomclass.testcases.Delete_Create_Org_Test"/>
  <system-out/>
</testsuite> <!-- com.pomclass.testcases.Delete_Create_Org_Test -->
