<?xml version="1.0" encoding="UTF-8"?>
<!-- Generated by org.testng.reporters.JUnitReportReporter -->
<testsuite skipped="0" hostname="DESKTOP-EMG1SG7" name="com.pomclass.testcases.Create_Org_Name1" tests="2" failures="0" timestamp="2022-04-18T22:25:04 IST" time="46.408" errors="0">
  <testcase name="create_org" time="22.988" classname="com.pomclass.testcases.Create_Org_Name1"/>
  <system-out/>
  <testcase name="create_org1" time="23.420" classname="com.pomclass.testcases.Create_Org_Name1"/>
  <system-out/>
</testsuite> <!-- com.pomclass.testcases.Create_Org_Name1 -->
