<?xml version="1.0" encoding="UTF-8"?>
<!-- Generated by org.testng.reporters.JUnitReportReporter -->
<testsuite skipped="0" hostname="DESKTOP-EMG1SG7" name="com.crm.testcases.Open_New_Window" tests="1" failures="0" timestamp="2022-04-16T11:39:35 IST" time="20.194" errors="0">
  <testcase name="open_New_Window" time="20.194" classname="com.crm.testcases.Open_New_Window"/>
  <system-out/>
</testsuite> <!-- com.crm.testcases.Open_New_Window -->
