<?xml version="1.0" encoding="UTF-8"?>
<!-- Generated by org.testng.reporters.JUnitReportReporter -->
<testsuite skipped="0" hostname="DESKTOP-EMG1SG7" name="com.newecomm_tc.ExplicitWait_TEST" tests="1" failures="0" timestamp="2022-04-06T13:58:20 IST" time="8.614" errors="0">
  <testcase name="gold" time="8.614" classname="com.newecomm_tc.ExplicitWait_TEST"/>
  <system-out/>
</testsuite> <!-- com.newecomm_tc.ExplicitWait_TEST -->
