<?xml version="1.0" encoding="UTF-8"?>
<!-- Generated by org.testng.reporters.JUnitReportReporter -->
<testsuite skipped="0" hostname="DESKTOP-EMG1SG7" name="com.newecomm_tc.TC008_TEST" tests="1" failures="0" timestamp="2022-04-06T12:34:45 IST" time="10.835" errors="0">
  <testcase name="gold" time="10.835" classname="com.newecomm_tc.TC008_TEST"/>
  <system-out/>
</testsuite> <!-- com.newecomm_tc.TC008_TEST -->
