<?xml version="1.0" encoding="UTF-8"?>
<!-- Generated by org.testng.reporters.JUnitReportReporter -->
<testsuite skipped="0" hostname="DESKTOP-EMG1SG7" name="com.crm.testcases.LensKart_Test" tests="1" failures="0" timestamp="2022-04-07T09:59:45 IST" time="59.607" errors="0">
  <testcase name="lenskart" time="59.607" classname="com.crm.testcases.LensKart_Test"/>
  <system-out/>
</testsuite> <!-- com.crm.testcases.LensKart_Test -->
