<?xml version="1.0" encoding="UTF-8"?>
<!-- Generated by org.testng.reporters.JUnitReportReporter -->
<testsuite skipped="0" hostname="DESKTOP-EMG1SG7" name="com.newecomm_tc.Get_Window_Handles" tests="1" failures="0" timestamp="2022-04-12T11:54:20 IST" time="35.010" errors="0">
  <testcase name="window_handling" time="35.010" classname="com.newecomm_tc.Get_Window_Handles"/>
  <system-out/>
</testsuite> <!-- com.newecomm_tc.Get_Window_Handles -->
