<?xml version="1.0" encoding="UTF-8"?>
<!-- Generated by org.testng.reporters.JUnitReportReporter -->
<testsuite skipped="0" hostname="DESKTOP-EMG1SG7" name="com.newecomm_tc.TC009_TEST" tests="1" failures="0" timestamp="2022-04-05T12:11:23 IST" time="0.009" errors="0">
  <testcase name="test" time="0.009" classname="com.newecomm_tc.TC009_TEST"/>
  <system-out/>
</testsuite> <!-- com.newecomm_tc.TC009_TEST -->
