<?xml version="1.0" encoding="UTF-8"?>
<!-- Generated by org.testng.reporters.JUnitReportReporter -->
<testsuite skipped="0" hostname="DESKTOP-EMG1SG7" name="com.crm.testcases.TC009_TEST" tests="1" failures="0" timestamp="2022-03-30T17:23:17 IST" time="1.197" errors="0">
  <testcase name="sal" time="1.197" classname="com.crm.testcases.TC009_TEST"/>
  <system-out/>
</testsuite> <!-- com.crm.testcases.TC009_TEST -->
