<?xml version="1.0" encoding="UTF-8"?>
<!-- Generated by org.testng.reporters.JUnitReportReporter -->
<testsuite skipped="0" hostname="DESKTOP-EMG1SG7" name="com.crm.testcases.TC002_Test" tests="1" failures="0" timestamp="2022-04-06T00:12:12 IST" time="32.249" errors="0">
  <testcase name="vitiger" time="32.249" classname="com.crm.testcases.TC002_Test"/>
  <system-out/>
</testsuite> <!-- com.crm.testcases.TC002_Test -->
