<?xml version="1.0" encoding="UTF-8"?>
<!-- Generated by org.testng.reporters.JUnitReportReporter -->
<testsuite skipped="0" hostname="DESKTOP-EMG1SG7" name="com.newecomm_tc.TC0012_TEST" tests="1" failures="0" timestamp="2022-04-05T21:10:43 IST" time="16.857" errors="0">
  <testcase name="currentdate" time="16.857" classname="com.newecomm_tc.TC0012_TEST"/>
  <system-out/>
</testsuite> <!-- com.newecomm_tc.TC0012_TEST -->
