<?xml version="1.0" encoding="UTF-8"?>
<!-- Generated by org.testng.reporters.JUnitReportReporter -->
<testsuite skipped="0" hostname="DESKTOP-EMG1SG7" name="com.newecomm_tc.TC004_TEST" tests="1" failures="0" timestamp="2022-04-05T09:41:37 IST" time="59.245" errors="0">
  <testcase name="bluestone" time="59.245" classname="com.newecomm_tc.TC004_TEST"/>
  <system-out/>
</testsuite> <!-- com.newecomm_tc.TC004_TEST -->
