<?xml version="1.0" encoding="UTF-8"?>
<!-- Generated by org.testng.reporters.JUnitReportReporter -->
<testsuite skipped="0" hostname="DESKTOP-EMG1SG7" name="com.newecomm_tc.Gold_Coins_TEST" tests="1" failures="0" timestamp="2022-04-07T11:02:28 IST" time="39.315" errors="0">
  <testcase name="lenskart" time="39.315" classname="com.newecomm_tc.Gold_Coins_TEST"/>
  <system-out/>
</testsuite> <!-- com.newecomm_tc.Gold_Coins_TEST -->
