<?xml version="1.0" encoding="UTF-8"?>
<!-- Generated by org.testng.reporters.JUnitReportReporter -->
<testsuite skipped="0" hostname="DESKTOP-EMG1SG7" name="com.tesNg.TestNg_Annotation_Test" tests="2" failures="0" timestamp="2022-04-08T13:04:44 IST" time="0.006" errors="0">
  <testcase name="testmethod" time="0.003" classname="com.tesNg.TestNg_Annotation_Test"/>
  <system-out/>
  <testcase name="testmethod2" time="0.003" classname="com.tesNg.TestNg_Annotation_Test"/>
  <system-out/>
</testsuite> <!-- com.tesNg.TestNg_Annotation_Test -->
