<?xml version="1.0" encoding="UTF-8"?>
<!-- Generated by org.testng.reporters.JUnitReportReporter -->
<testsuite skipped="0" hostname="DESKTOP-EMG1SG7" name="com.pomclass.testcases.Create_Org_Name1" tests="1" failures="0" timestamp="18 Apr 2022 12:12:54 GMT" time="25.381" errors="0">
  <testcase name="create_org" time="25.381" classname="com.pomclass.testcases.Create_Org_Name1"/>
</testsuite> <!-- com.pomclass.testcases.Create_Org_Name1 -->
