<?xml version="1.0" encoding="UTF-8"?>
<!-- Generated by org.testng.reporters.JUnitReportReporter -->
<testsuite skipped="0" hostname="DESKTOP-EMG1SG7" name="com.pomclass.testcases.Create_Org_Name1" tests="2" failures="0" timestamp="18 Apr 2022 15:25:02 GMT" time="48.868" errors="0">
  <testcase name="create_org" time="24.770" classname="com.pomclass.testcases.Create_Org_Name1"/>
  <testcase name="create_org1" time="24.098" classname="com.pomclass.testcases.Create_Org_Name1"/>
</testsuite> <!-- com.pomclass.testcases.Create_Org_Name1 -->
