<?xml version="1.0" encoding="UTF-8"?>
<!-- Generated by org.testng.reporters.JUnitReportReporter -->
<testsuite skipped="0" hostname="DESKTOP-EMG1SG7" name="com.pomclass.testcases.Create_Org_Name1" tests="2" failures="0" timestamp="19 Apr 2022 09:17:09 GMT" time="89.179" errors="0">
  <testcase name="create_org1" time="41.733" classname="com.pomclass.testcases.Create_Org_Name1"/>
  <testcase name="create_org" time="47.446" classname="com.pomclass.testcases.Create_Org_Name1"/>
</testsuite> <!-- com.pomclass.testcases.Create_Org_Name1 -->
