<?xml version="1.0" encoding="UTF-8"?>
<!-- Generated by org.testng.reporters.JUnitReportReporter -->
<testsuite skipped="0" hostname="DESKTOP-EMG1SG7" name="com.pomclass.testcases.Delete_Create_Org_Test" tests="2" failures="0" timestamp="19 Apr 2022 05:05:17 GMT" time="59.964" errors="0">
  <testcase name="createorg1" time="23.347" classname="com.pomclass.testcases.Delete_Create_Org_Test"/>
  <testcase name="createorg" time="36.617" classname="com.pomclass.testcases.Delete_Create_Org_Test"/>
</testsuite> <!-- com.pomclass.testcases.Delete_Create_Org_Test -->
