<?xml version="1.0" encoding="UTF-8"?>
<!-- Generated by org.testng.reporters.JUnitReportReporter -->
<testsuite skipped="0" hostname="DESKTOP-EMG1SG7" name="com.pomclass.testcases.Delete_Create_Org_Test" tests="2" failures="0" timestamp="18 Apr 2022 15:25:02 GMT" time="50.633" errors="0">
  <testcase name="createorg1" time="20.936" classname="com.pomclass.testcases.Delete_Create_Org_Test"/>
  <testcase name="createorg" time="29.697" classname="com.pomclass.testcases.Delete_Create_Org_Test"/>
</testsuite> <!-- com.pomclass.testcases.Delete_Create_Org_Test -->
