<?xml version="1.0" encoding="UTF-8"?>
<!-- Generated by org.testng.reporters.JUnitReportReporter -->
<testsuite skipped="0" hostname="DESKTOP-EMG1SG7" name="com.pomclass.testcases.Delete_Create_Org_Test" tests="2" failures="0" timestamp="19 Apr 2022 09:17:09 GMT" time="88.913" errors="0">
  <testcase name="createorg" time="54.941" classname="com.pomclass.testcases.Delete_Create_Org_Test"/>
  <testcase name="createorg1" time="33.972" classname="com.pomclass.testcases.Delete_Create_Org_Test"/>
</testsuite> <!-- com.pomclass.testcases.Delete_Create_Org_Test -->
