<?xml version="1.0" encoding="UTF-8"?>
<!-- Generated by org.testng.reporters.JUnitXMLReporter -->
<testsuite hostname="DESKTOP-EMG1SG7" ignored="0" name="Test-1" tests="2" failures="0" timestamp="2022-04-08T13:04:44 IST" time="0.017" errors="0">
  <testcase name="testmethod" time="0.002" classname="com.tesNg.TestNg_Annotation_Test"/>
  <testcase name="testmethod2" time="0.002" classname="com.tesNg.TestNg_Annotation_Test"/>
</testsuite> <!-- Test-1 -->
